2024-03-28 19:51:20,777 - root - INFO - Logging configured.
2024-03-28 19:51:20,778 - root - INFO - Environment variables loaded.
2024-03-28 19:51:20,780 - root - INFO - Logging configured.
2024-03-28 19:51:20,781 - root - INFO - Environment variables loaded.
2024-03-28 19:51:20,784 - root - INFO - Command 'greet' from plugin 'greet' registered.
2024-03-28 19:51:20,784 - root - INFO - Application started. Type 'exit' to exit.
2024-03-28 19:51:20,784 - root - INFO - Application exit.
2024-03-28 19:51:20,785 - root - INFO - Application shutdown.
2024-03-28 19:51:20,789 - root - INFO - Logging configured.
2024-03-28 19:51:20,790 - root - INFO - Environment variables loaded.
2024-03-28 19:51:20,790 - root - INFO - Command 'greet' from plugin 'greet' registered.
2024-03-28 19:51:20,790 - root - INFO - Application started. Type 'exit' to exit.
2024-03-28 19:51:20,790 - root - INFO - Application exit.
2024-03-28 19:51:20,790 - root - INFO - Application shutdown.
2024-03-28 19:51:20,794 - root - INFO - Logging configured.
2024-03-28 19:51:20,795 - root - INFO - Environment variables loaded.
2024-03-28 19:51:20,795 - root - INFO - Command 'greet' from plugin 'greet' registered.
2024-03-28 19:51:20,795 - root - INFO - Application started. Type 'exit' to exit.
2024-03-28 19:51:20,796 - root - INFO - Hello, World!
2024-03-28 19:51:20,796 - root - INFO - Application exit.
2024-03-28 19:51:20,796 - root - INFO - Application shutdown.
2024-03-28 19:51:27,806 - root - INFO - Logging configured.
2024-03-28 19:51:27,807 - root - INFO - Environment variables loaded.
2024-03-28 19:51:27,810 - root - INFO - Logging configured.
2024-03-28 19:51:27,810 - root - INFO - Environment variables loaded.
2024-03-28 19:51:27,812 - root - INFO - Command 'greet' from plugin 'greet' registered.
2024-03-28 19:51:27,812 - root - INFO - Application started. Type 'exit' to exit.
2024-03-28 19:51:27,812 - root - INFO - Application exit.
2024-03-28 19:51:27,812 - root - INFO - Application shutdown.
2024-03-28 19:51:27,815 - root - INFO - Logging configured.
2024-03-28 19:51:27,816 - root - INFO - Environment variables loaded.
2024-03-28 19:51:27,817 - root - INFO - Command 'greet' from plugin 'greet' registered.
2024-03-28 19:51:27,818 - root - INFO - Application started. Type 'exit' to exit.
2024-03-28 19:51:27,818 - root - INFO - Application exit.
2024-03-28 19:51:27,819 - root - INFO - Application shutdown.
2024-03-28 19:51:27,822 - root - INFO - Logging configured.
2024-03-28 19:51:27,823 - root - INFO - Environment variables loaded.
2024-03-28 19:51:27,823 - root - INFO - Command 'greet' from plugin 'greet' registered.
2024-03-28 19:51:27,823 - root - INFO - Application started. Type 'exit' to exit.
2024-03-28 19:51:27,824 - root - INFO - Hello, World!
2024-03-28 19:51:27,824 - root - INFO - Application exit.
2024-03-28 19:51:27,824 - root - INFO - Application shutdown.
2024-03-28 19:51:54,113 - root - INFO - Logging configured.
2024-03-28 19:51:54,113 - root - INFO - Environment variables loaded.
2024-03-28 19:51:54,117 - root - INFO - Command 'greet' from plugin 'greet' registered.
2024-03-28 19:51:54,117 - root - INFO - Application started. Type 'exit' to exit.
2024-03-28 19:52:03,352 - root - INFO - Application exit.
2024-03-28 19:52:03,353 - root - INFO - Application shutdown.
2024-03-29 12:45:12,397 - root - INFO - Logging configured.
2024-03-29 12:45:12,399 - root - INFO - Environment variables loaded.
2024-03-29 12:45:12,406 - root - INFO - Logging configured.
2024-03-29 12:45:12,407 - root - INFO - Environment variables loaded.
2024-03-29 12:45:12,409 - root - INFO - Command 'greet' from plugin 'greet' registered.
2024-03-29 12:45:12,409 - root - INFO - Application started. Type 'exit' to exit.
2024-03-29 12:45:12,409 - root - INFO - Application exit.
2024-03-29 12:45:12,410 - root - INFO - Application shutdown.
2024-03-29 12:45:12,433 - root - INFO - Logging configured.
2024-03-29 12:45:12,434 - root - INFO - Environment variables loaded.
2024-03-29 12:45:12,435 - root - INFO - Command 'greet' from plugin 'greet' registered.
2024-03-29 12:45:12,435 - root - INFO - Application started. Type 'exit' to exit.
2024-03-29 12:45:12,435 - root - INFO - Application exit.
2024-03-29 12:45:12,436 - root - INFO - Application shutdown.
2024-03-29 12:45:12,440 - root - INFO - Logging configured.
2024-03-29 12:45:12,440 - root - INFO - Environment variables loaded.
2024-03-29 12:45:12,441 - root - INFO - Command 'greet' from plugin 'greet' registered.
2024-03-29 12:45:12,441 - root - INFO - Application started. Type 'exit' to exit.
2024-03-29 12:45:12,441 - root - INFO - Hello, World!
2024-03-29 12:45:12,441 - root - INFO - Application exit.
2024-03-29 12:45:12,441 - root - INFO - Application shutdown.
2024-03-29 12:45:21,541 - root - INFO - Logging configured.
2024-03-29 12:45:21,546 - root - INFO - Environment variables loaded.
2024-03-29 12:45:21,556 - root - INFO - Command 'greet' from plugin 'greet' registered.
2024-03-29 12:45:21,556 - root - INFO - Application started. Type 'exit' to exit.
2024-03-29 12:45:30,643 - root - INFO - Hello, World!
2024-03-29 12:45:37,101 - root - INFO - Application exit.
2024-03-29 12:45:37,101 - root - INFO - Application shutdown.
